<?xml version="1.0" encoding="UTF-8"?>
<!-- Generated by org.testng.reporters.JUnitXMLReporter -->
<testsuite ignored="0" hostname="DESKTOP-9KM5GA7" failures="0" tests="3" name="Default test" time="63.71" errors="0" timestamp="2022-09-28T15:56:21 IST">
  <testcase classname="TestNG_package.Categories_test" name="Categorypagelaunch" time="37.297"/>
  <testcase classname="TestNG_package.Categories_test" name="Addcategorydetails" time="8.016"/>
  <testcase classname="TestNG_package.Categories_test" name="Categorysearch" time="9.225"/>
</testsuite> <!-- Default test -->
