<?xml version="1.0" encoding="UTF-8"?>
<!-- Generated by org.testng.reporters.JUnitXMLReporter -->
<testsuite ignored="0" hostname="DESKTOP-9KM5GA7" failures="0" tests="3" name="grouping" time="39.623" errors="0" timestamp="2022-09-28T16:10:16 IST">
  <testcase classname="TestNG_package.Login_test" name="Invalidlogin" time="13.034"/>
  <testcase classname="TestNG_package.Login_test" name="Validlogin" time="17.343"/>
  <testcase classname="TestNG_package.Logout_test" name="Logout" time="4.121"/>
</testsuite> <!-- grouping -->
