<?xml version="1.0" encoding="UTF-8"?>
<!-- Generated by org.testng.reporters.JUnitXMLReporter -->
<testsuite ignored="0" hostname="DESKTOP-9KM5GA7" failures="3" tests="31" name="Test1" time="356.987" errors="0" timestamp="2022-09-29T22:47:22 IST">
  <testcase classname="TestNG_package.Login_test" name="Invalidlogin" time="13.177"/>
  <testcase classname="TestNG_package.Login_test" name="Validlogin" time="19.073"/>
  <testcase classname="TestNG_package.Addpdt_test" name="Productpagelaunch" time="15.076"/>
  <testcase classname="TestNG_package.Addpdt_test" name="Productpagetextdetails" time="16.242"/>
  <testcase classname="TestNG_package.Addpdt_test" name="Productpagedropdowndetails" time="15.84"/>
  <testcase classname="TestNG_package.Addpdt_test" name="Productstockpage" time="14.04"/>
  <testcase classname="TestNG_package.Addpdt_test" name="Productsearch" time="9.613"/>
  <testcase classname="TestNG_package.Stores_Testcase" name="Storepagelaunch" time="18.972"/>
  <testcase classname="TestNG_package.Stores_Testcase" name="Storepagedetails" time="18.626"/>
  <testcase classname="TestNG_package.Stores_Testcase" name="Storepagesearch" time="9.399"/>
  <testcase classname="TestNG_package.Waiters_test" name="Waiterspagelaunch" time="17.821"/>
  <testcase classname="TestNG_package.Waiters_test" name="Addwaitersdetails" time="6.373"/>
  <testcase classname="TestNG_package.Waiters_test" name="Waiterspagedropdowndetails" time="9.253"/>
  <testcase classname="TestNG_package.Waiters_test" name="Waitersearch" time="9.428"/>
  <testcase classname="TestNG_package.Customer_test" name="Customerpagelaunch" time="0.016">
    <failure type="java.lang.NullPointerException" message="Cannot invoke &amp;quot;pageElements.Customerpage.customerpagelaunch()&amp;quot; because &amp;quot;this.objcustomer&amp;quot; is null">
      <![CDATA[java.lang.NullPointerException: Cannot invoke "pageElements.Customerpage.customerpagelaunch()" because "this.objcustomer" is null
at TestNG_package.Customer_test.Customerpagelaunch(Customer_test.java:31)
at java.base/java.util.ArrayList.forEach(ArrayList.java:1511)
... Removed 27 stack frames]]>
    </failure>
  </testcase> <!-- Customerpagelaunch -->
  <testcase classname="TestNG_package.Customer_test" name="Customerpagedetails" time="0.0">
    <failure type="java.lang.NullPointerException" message="Cannot invoke &amp;quot;pageElements.Customerpage.customerpagedetails()&amp;quot; because &amp;quot;this.objcustomer&amp;quot; is null">
      <![CDATA[java.lang.NullPointerException: Cannot invoke "pageElements.Customerpage.customerpagedetails()" because "this.objcustomer" is null
at TestNG_package.Customer_test.Customerpagedetails(Customer_test.java:40)
at java.base/java.util.ArrayList.forEach(ArrayList.java:1511)
... Removed 27 stack frames]]>
    </failure>
  </testcase> <!-- Customerpagedetails -->
  <testcase classname="TestNG_package.Customer_test" name="Customersearch" time="0.0">
    <failure type="java.lang.NullPointerException" message="Cannot invoke &amp;quot;pageElements.Customerpage.customersearch()&amp;quot; because &amp;quot;this.objcustomer&amp;quot; is null">
      <![CDATA[java.lang.NullPointerException: Cannot invoke "pageElements.Customerpage.customersearch()" because "this.objcustomer" is null
at TestNG_package.Customer_test.Customersearch(Customer_test.java:50)
at java.base/java.util.ArrayList.forEach(ArrayList.java:1511)
... Removed 27 stack frames]]>
    </failure>
  </testcase> <!-- Customersearch -->
  <testcase classname="TestNG_package.Suppliers_test" name="Supplierpagelaunch" time="17.668"/>
  <testcase classname="TestNG_package.Suppliers_test" name="Supplierspagedetails" time="16.808"/>
  <testcase classname="TestNG_package.Suppliers_test" name="Suppliersearch" time="9.325"/>
  <testcase classname="TestNG_package.Expense_test" name="Expensepagelaunch" time="13.47"/>
  <testcase classname="TestNG_package.Expense_test" name="Addexpensedetails" time="6.473"/>
  <testcase classname="TestNG_package.Expense_test" name="Expensedropdown" time="10.685"/>
  <testcase classname="TestNG_package.Expense_test" name="Expensesearch" time="6.294"/>
  <testcase classname="TestNG_package.Sales_test" name="Salespagelaunch" time="4.205"/>
  <testcase classname="TestNG_package.Sales_test" name="Salessearch" time="9.233"/>
  <testcase classname="TestNG_package.Categories_test" name="Categorypagelaunch" time="19.025"/>
  <testcase classname="TestNG_package.Categories_test" name="Addcategorydetails" time="8.776"/>
  <testcase classname="TestNG_package.Categories_test" name="Categorysearch" time="9.238"/>
  <testcase classname="TestNG_package.Settings_test" name="Settings" time="17.397"/>
  <testcase classname="TestNG_package.Logout_test" name="Logout" time="3.733"/>
</testsuite> <!-- Test1 -->
