<?xml version="1.0" encoding="UTF-8"?>
<testsuite xmlns:xsi="http://www.w3.org/2001/XMLSchema-instance" xsi:noNamespaceSchemaLocation="https://maven.apache.org/surefire/maven-surefire-plugin/xsd/surefire-test-report.xsd" name="TestSuite" time="429.657" tests="33" errors="0" skipped="1" failures="6">
  <properties>
[...]
</properties>
  <testcase name="invalidlogin" classname="TestNG_package.Login" time="13.393"/>
  <testcase name="loginfn" classname="TestNG_package.Login" time="20.725"/>
  <testcase name="addpdtfn" classname="TestNG_package.Addpdt" time="25.763">
    <failure message="clickUsingJS (ClickAction) : no such element: Unable to locate element: {&quot;method&quot;:&quot;xpath&quot;,&quot;selector&quot;:&quot;//*[@id=&quot;bs-example-navbar-collapse-1&quot;]/ul[1]/li[2]/a/span&quot;}&#10;  (Session info: chrome=105.0.5195.127)&#10;For documentation on this error, please visit: https://www.seleniumhq.org/exceptions/no_such_element.html&#10;Build info: version: &apos;3.141.59&apos;, revision: &apos;e82be7d358&apos;, time: &apos;2018-11-14T08:17:03&apos;&#10;System info: host: &apos;DESKTOP-9KM5GA7&apos;, ip: &apos;192.168.1.4&apos;, os.name: &apos;Windows 11&apos;, os.arch: &apos;amd64&apos;, os.version: &apos;10.0&apos;, java.version: &apos;17.0.2&apos;&#10;Driver info: org.openqa.selenium.chrome.ChromeDriver&#10;Capabilities {acceptInsecureCerts: false, browserName: chrome, browserVersion: 105.0.5195.127, chrome: {chromedriverVersion: 105.0.5195.52 (412c95e51883..., userDataDir: C:\Users\jithi\AppData\Loca...}, goog:chromeOptions: {debuggerAddress: localhost:63676}, javascriptEnabled: true, networkConnectionEnabled: false, pageLoadStrategy: normal, platform: WINDOWS, platformName: WINDOWS, proxy: Proxy(), setWindowRect: true, strictFileInteractability: false, timeouts: {implicit: 0, pageLoad: 300000, script: 30000}, unhandledPromptBehavior: dismiss and notify, webauthn:extension:credBlob: true, webauthn:extension:largeBlob: true, webauthn:virtualAuthenticators: true}&#10;Session ID: bc828626c2311fc05ec60218214f0507&#10;*** Element info: {Using=xpath, value=//*[@id=&quot;bs-example-navbar-collapse-1&quot;]/ul[1]/li[2]/a/span}" type="java.lang.Exception">java.lang.Exception: 
clickUsingJS (ClickAction) : no such element: Unable to locate element: {"method":"xpath","selector":"//*[@id="bs-example-navbar-collapse-1"]/ul[1]/li[2]/a/span"}
  (Session info: chrome=105.0.5195.127)
For documentation on this error, please visit: https://www.seleniumhq.org/exceptions/no_such_element.html
Build info: version: '3.141.59', revision: 'e82be7d358', time: '2018-11-14T08:17:03'
System info: host: 'DESKTOP-9KM5GA7', ip: '192.168.1.4', os.name: 'Windows 11', os.arch: 'amd64', os.version: '10.0', java.version: '17.0.2'
Driver info: org.openqa.selenium.chrome.ChromeDriver
Capabilities {acceptInsecureCerts: false, browserName: chrome, browserVersion: 105.0.5195.127, chrome: {chromedriverVersion: 105.0.5195.52 (412c95e51883..., userDataDir: C:\Users\jithi\AppData\Loca...}, goog:chromeOptions: {debuggerAddress: localhost:63676}, javascriptEnabled: true, networkConnectionEnabled: false, pageLoadStrategy: normal, platform: WINDOWS, platformName: WINDOWS, proxy: Proxy(), setWindowRect: true, strictFileInteractability: false, timeouts: {implicit: 0, pageLoad: 300000, script: 30000}, unhandledPromptBehavior: dismiss and notify, webauthn:extension:credBlob: true, webauthn:extension:largeBlob: true, webauthn:virtualAuthenticators: true}
Session ID: bc828626c2311fc05ec60218214f0507
*** Element info: {Using=xpath, value=//*[@id="bs-example-navbar-collapse-1"]/ul[1]/li[2]/a/span}
	at TestNG_package.Addpdt.addpdtfn(Addpdt.java:31)
</failure>
  </testcase>
  <testcase name="addpdt2fn" classname="TestNG_package.Addpdt" time="0.033">
    <failure message="sendKeys (SendKeysActionHelper) no such element: Unable to locate element: {&quot;method&quot;:&quot;css selector&quot;,&quot;selector&quot;:&quot;*[name=&apos;code&apos;]&quot;}&#10;  (Session info: chrome=105.0.5195.127)&#10;For documentation on this error, please visit: https://www.seleniumhq.org/exceptions/no_such_element.html&#10;Build info: version: &apos;3.141.59&apos;, revision: &apos;e82be7d358&apos;, time: &apos;2018-11-14T08:17:03&apos;&#10;System info: host: &apos;DESKTOP-9KM5GA7&apos;, ip: &apos;192.168.1.4&apos;, os.name: &apos;Windows 11&apos;, os.arch: &apos;amd64&apos;, os.version: &apos;10.0&apos;, java.version: &apos;17.0.2&apos;&#10;Driver info: org.openqa.selenium.chrome.ChromeDriver&#10;Capabilities {acceptInsecureCerts: false, browserName: chrome, browserVersion: 105.0.5195.127, chrome: {chromedriverVersion: 105.0.5195.52 (412c95e51883..., userDataDir: C:\Users\jithi\AppData\Loca...}, goog:chromeOptions: {debuggerAddress: localhost:63676}, javascriptEnabled: true, networkConnectionEnabled: false, pageLoadStrategy: normal, platform: WINDOWS, platformName: WINDOWS, proxy: Proxy(), setWindowRect: true, strictFileInteractability: false, timeouts: {implicit: 0, pageLoad: 300000, script: 30000}, unhandledPromptBehavior: dismiss and notify, webauthn:extension:credBlob: true, webauthn:extension:largeBlob: true, webauthn:virtualAuthenticators: true}&#10;Session ID: bc828626c2311fc05ec60218214f0507&#10;*** Element info: {Using=name, value=code}" type="java.lang.Exception">java.lang.Exception: 
sendKeys (SendKeysActionHelper) no such element: Unable to locate element: {"method":"css selector","selector":"*[name='code']"}
  (Session info: chrome=105.0.5195.127)
For documentation on this error, please visit: https://www.seleniumhq.org/exceptions/no_such_element.html
Build info: version: '3.141.59', revision: 'e82be7d358', time: '2018-11-14T08:17:03'
System info: host: 'DESKTOP-9KM5GA7', ip: '192.168.1.4', os.name: 'Windows 11', os.arch: 'amd64', os.version: '10.0', java.version: '17.0.2'
Driver info: org.openqa.selenium.chrome.ChromeDriver
Capabilities {acceptInsecureCerts: false, browserName: chrome, browserVersion: 105.0.5195.127, chrome: {chromedriverVersion: 105.0.5195.52 (412c95e51883..., userDataDir: C:\Users\jithi\AppData\Loca...}, goog:chromeOptions: {debuggerAddress: localhost:63676}, javascriptEnabled: true, networkConnectionEnabled: false, pageLoadStrategy: normal, platform: WINDOWS, platformName: WINDOWS, proxy: Proxy(), setWindowRect: true, strictFileInteractability: false, timeouts: {implicit: 0, pageLoad: 300000, script: 30000}, unhandledPromptBehavior: dismiss and notify, webauthn:extension:credBlob: true, webauthn:extension:largeBlob: true, webauthn:virtualAuthenticators: true}
Session ID: bc828626c2311fc05ec60218214f0507
*** Element info: {Using=name, value=code}
	at TestNG_package.Addpdt.addpdt2fn(Addpdt.java:39)
</failure>
  </testcase>
  <testcase name="addpdt1fn" classname="TestNG_package.Addpdt" time="0.019">
    <failure message="no such element: Unable to locate element: {&quot;method&quot;:&quot;css selector&quot;,&quot;selector&quot;:&quot;#Type&quot;}&#10;  (Session info: chrome=105.0.5195.127)&#10;For documentation on this error, please visit: https://www.seleniumhq.org/exceptions/no_such_element.html&#10;Build info: version: &apos;3.141.59&apos;, revision: &apos;e82be7d358&apos;, time: &apos;2018-11-14T08:17:03&apos;&#10;System info: host: &apos;DESKTOP-9KM5GA7&apos;, ip: &apos;192.168.1.4&apos;, os.name: &apos;Windows 11&apos;, os.arch: &apos;amd64&apos;, os.version: &apos;10.0&apos;, java.version: &apos;17.0.2&apos;&#10;Driver info: org.openqa.selenium.chrome.ChromeDriver&#10;Capabilities {acceptInsecureCerts: false, browserName: chrome, browserVersion: 105.0.5195.127, chrome: {chromedriverVersion: 105.0.5195.52 (412c95e51883..., userDataDir: C:\Users\jithi\AppData\Loca...}, goog:chromeOptions: {debuggerAddress: localhost:63676}, javascriptEnabled: true, networkConnectionEnabled: false, pageLoadStrategy: normal, platform: WINDOWS, platformName: WINDOWS, proxy: Proxy(), setWindowRect: true, strictFileInteractability: false, timeouts: {implicit: 0, pageLoad: 300000, script: 30000}, unhandledPromptBehavior: dismiss and notify, webauthn:extension:credBlob: true, webauthn:extension:largeBlob: true, webauthn:virtualAuthenticators: true}&#10;Session ID: bc828626c2311fc05ec60218214f0507&#10;*** Element info: {Using=id, value=Type}" type="org.openqa.selenium.NoSuchElementException">org.openqa.selenium.NoSuchElementException: 
no such element: Unable to locate element: {"method":"css selector","selector":"#Type"}
  (Session info: chrome=105.0.5195.127)
For documentation on this error, please visit: https://www.seleniumhq.org/exceptions/no_such_element.html
Build info: version: '3.141.59', revision: 'e82be7d358', time: '2018-11-14T08:17:03'
System info: host: 'DESKTOP-9KM5GA7', ip: '192.168.1.4', os.name: 'Windows 11', os.arch: 'amd64', os.version: '10.0', java.version: '17.0.2'
Driver info: org.openqa.selenium.chrome.ChromeDriver
Capabilities {acceptInsecureCerts: false, browserName: chrome, browserVersion: 105.0.5195.127, chrome: {chromedriverVersion: 105.0.5195.52 (412c95e51883..., userDataDir: C:\Users\jithi\AppData\Loca...}, goog:chromeOptions: {debuggerAddress: localhost:63676}, javascriptEnabled: true, networkConnectionEnabled: false, pageLoadStrategy: normal, platform: WINDOWS, platformName: WINDOWS, proxy: Proxy(), setWindowRect: true, strictFileInteractability: false, timeouts: {implicit: 0, pageLoad: 300000, script: 30000}, unhandledPromptBehavior: dismiss and notify, webauthn:extension:credBlob: true, webauthn:extension:largeBlob: true, webauthn:virtualAuthenticators: true}
Session ID: bc828626c2311fc05ec60218214f0507
*** Element info: {Using=id, value=Type}
	at TestNG_package.Addpdt.addpdt1fn(Addpdt.java:48)
</failure>
  </testcase>
  <testcase name="stockfn" classname="TestNG_package.Addpdt" time="0.019">
    <failure message="no such element: Unable to locate element: {&quot;method&quot;:&quot;css selector&quot;,&quot;selector&quot;:&quot;#quantity&quot;}&#10;  (Session info: chrome=105.0.5195.127)&#10;For documentation on this error, please visit: https://www.seleniumhq.org/exceptions/no_such_element.html&#10;Build info: version: &apos;3.141.59&apos;, revision: &apos;e82be7d358&apos;, time: &apos;2018-11-14T08:17:03&apos;&#10;System info: host: &apos;DESKTOP-9KM5GA7&apos;, ip: &apos;192.168.1.4&apos;, os.name: &apos;Windows 11&apos;, os.arch: &apos;amd64&apos;, os.version: &apos;10.0&apos;, java.version: &apos;17.0.2&apos;&#10;Driver info: org.openqa.selenium.chrome.ChromeDriver&#10;Capabilities {acceptInsecureCerts: false, browserName: chrome, browserVersion: 105.0.5195.127, chrome: {chromedriverVersion: 105.0.5195.52 (412c95e51883..., userDataDir: C:\Users\jithi\AppData\Loca...}, goog:chromeOptions: {debuggerAddress: localhost:63676}, javascriptEnabled: true, networkConnectionEnabled: false, pageLoadStrategy: normal, platform: WINDOWS, platformName: WINDOWS, proxy: Proxy(), setWindowRect: true, strictFileInteractability: false, timeouts: {implicit: 0, pageLoad: 300000, script: 30000}, unhandledPromptBehavior: dismiss and notify, webauthn:extension:credBlob: true, webauthn:extension:largeBlob: true, webauthn:virtualAuthenticators: true}&#10;Session ID: bc828626c2311fc05ec60218214f0507&#10;*** Element info: {Using=id, value=quantity}" type="org.openqa.selenium.NoSuchElementException">org.openqa.selenium.NoSuchElementException: 
no such element: Unable to locate element: {"method":"css selector","selector":"#quantity"}
  (Session info: chrome=105.0.5195.127)
For documentation on this error, please visit: https://www.seleniumhq.org/exceptions/no_such_element.html
Build info: version: '3.141.59', revision: 'e82be7d358', time: '2018-11-14T08:17:03'
System info: host: 'DESKTOP-9KM5GA7', ip: '192.168.1.4', os.name: 'Windows 11', os.arch: 'amd64', os.version: '10.0', java.version: '17.0.2'
Driver info: org.openqa.selenium.chrome.ChromeDriver
Capabilities {acceptInsecureCerts: false, browserName: chrome, browserVersion: 105.0.5195.127, chrome: {chromedriverVersion: 105.0.5195.52 (412c95e51883..., userDataDir: C:\Users\jithi\AppData\Loca...}, goog:chromeOptions: {debuggerAddress: localhost:63676}, javascriptEnabled: true, networkConnectionEnabled: false, pageLoadStrategy: normal, platform: WINDOWS, platformName: WINDOWS, proxy: Proxy(), setWindowRect: true, strictFileInteractability: false, timeouts: {implicit: 0, pageLoad: 300000, script: 30000}, unhandledPromptBehavior: dismiss and notify, webauthn:extension:credBlob: true, webauthn:extension:largeBlob: true, webauthn:virtualAuthenticators: true}
Session ID: bc828626c2311fc05ec60218214f0507
*** Element info: {Using=id, value=quantity}
	at TestNG_package.Addpdt.stockfn(Addpdt.java:56)
</failure>
  </testcase>
  <testcase name="searchfn" classname="TestNG_package.Addpdt" time="0.021">
    <failure message="clickUsingJS (ClickAction) : no such element: Unable to locate element: {&quot;method&quot;:&quot;xpath&quot;,&quot;selector&quot;:&quot;//*[@id=&quot;Table_filter&quot;]/label/input&quot;}&#10;  (Session info: chrome=105.0.5195.127)&#10;For documentation on this error, please visit: https://www.seleniumhq.org/exceptions/no_such_element.html&#10;Build info: version: &apos;3.141.59&apos;, revision: &apos;e82be7d358&apos;, time: &apos;2018-11-14T08:17:03&apos;&#10;System info: host: &apos;DESKTOP-9KM5GA7&apos;, ip: &apos;192.168.1.4&apos;, os.name: &apos;Windows 11&apos;, os.arch: &apos;amd64&apos;, os.version: &apos;10.0&apos;, java.version: &apos;17.0.2&apos;&#10;Driver info: org.openqa.selenium.chrome.ChromeDriver&#10;Capabilities {acceptInsecureCerts: false, browserName: chrome, browserVersion: 105.0.5195.127, chrome: {chromedriverVersion: 105.0.5195.52 (412c95e51883..., userDataDir: C:\Users\jithi\AppData\Loca...}, goog:chromeOptions: {debuggerAddress: localhost:63676}, javascriptEnabled: true, networkConnectionEnabled: false, pageLoadStrategy: normal, platform: WINDOWS, platformName: WINDOWS, proxy: Proxy(), setWindowRect: true, strictFileInteractability: false, timeouts: {implicit: 0, pageLoad: 300000, script: 30000}, unhandledPromptBehavior: dismiss and notify, webauthn:extension:credBlob: true, webauthn:extension:largeBlob: true, webauthn:virtualAuthenticators: true}&#10;Session ID: bc828626c2311fc05ec60218214f0507&#10;*** Element info: {Using=xpath, value=//*[@id=&quot;Table_filter&quot;]/label/input}" type="java.lang.Exception">java.lang.Exception: 
clickUsingJS (ClickAction) : no such element: Unable to locate element: {"method":"xpath","selector":"//*[@id="Table_filter"]/label/input"}
  (Session info: chrome=105.0.5195.127)
For documentation on this error, please visit: https://www.seleniumhq.org/exceptions/no_such_element.html
Build info: version: '3.141.59', revision: 'e82be7d358', time: '2018-11-14T08:17:03'
System info: host: 'DESKTOP-9KM5GA7', ip: '192.168.1.4', os.name: 'Windows 11', os.arch: 'amd64', os.version: '10.0', java.version: '17.0.2'
Driver info: org.openqa.selenium.chrome.ChromeDriver
Capabilities {acceptInsecureCerts: false, browserName: chrome, browserVersion: 105.0.5195.127, chrome: {chromedriverVersion: 105.0.5195.52 (412c95e51883..., userDataDir: C:\Users\jithi\AppData\Loca...}, goog:chromeOptions: {debuggerAddress: localhost:63676}, javascriptEnabled: true, networkConnectionEnabled: false, pageLoadStrategy: normal, platform: WINDOWS, platformName: WINDOWS, proxy: Proxy(), setWindowRect: true, strictFileInteractability: false, timeouts: {implicit: 0, pageLoad: 300000, script: 30000}, unhandledPromptBehavior: dismiss and notify, webauthn:extension:credBlob: true, webauthn:extension:largeBlob: true, webauthn:virtualAuthenticators: true}
Session ID: bc828626c2311fc05ec60218214f0507
*** Element info: {Using=xpath, value=//*[@id="Table_filter"]/label/input}
	at TestNG_package.Addpdt.searchfn(Addpdt.java:63)
</failure>
  </testcase>
  <testcase name="storestest1" classname="TestNG_package.Stores_Testcase" time="43.871"/>
  <testcase name="storestest2" classname="TestNG_package.Stores_Testcase" time="18.37"/>
  <testcase name="storestest3" classname="TestNG_package.Stores_Testcase" time="9.4"/>
  <testcase name="peoplefn1" classname="TestNG_package.PeopleW" time="24.469"/>
  <testcase name="peoplefn2" classname="TestNG_package.PeopleW" time="6.194"/>
  <testcase name="peoplefn3" classname="TestNG_package.PeopleW" time="9.735"/>
  <testcase name="peoplefn4" classname="TestNG_package.PeopleW" time="9.241"/>
  <testcase name="peoplefn5" classname="TestNG_package.PeopleC" time="17.709"/>
  <testcase name="peoplefn6" classname="TestNG_package.PeopleC" time="19.721"/>
  <testcase name="peoplefn7" classname="TestNG_package.PeopleC" time="9.223"/>
  <testcase name="peoplefn8" classname="TestNG_package.PeopleSupp" time="17.426"/>
  <testcase name="peoplefn9" classname="TestNG_package.PeopleSupp" time="17.142"/>
  <testcase name="peoplefn10" classname="TestNG_package.PeopleSupp" time="9.318"/>
  <testcase name="expense1" classname="TestNG_package.Expense" time="13.912"/>
  <testcase name="expense2" classname="TestNG_package.Expense" time="9.311"/>
  <testcase name="expense3" classname="TestNG_package.Expense" time="10.893"/>
  <testcase name="expense4" classname="TestNG_package.Expense" time="9.224"/>
  <testcase name="salesfn" classname="TestNG_package.Sales" time="4.124"/>
  <testcase name="salessearch" classname="TestNG_package.Sales" time="9.173"/>
  <testcase name="categoryfn1" classname="TestNG_package.Categories" time="17.863"/>
  <testcase name="categoryfn2" classname="TestNG_package.Categories" time="8.42"/>
  <testcase name="categoryfn3" classname="TestNG_package.Categories" time="9.198"/>
  <testcase name="settingsfn" classname="TestNG_package.Settings" time="20.444"/>
  <testcase name="logout" classname="TestNG_package.Logout" time="6.957"/>
  <testcase name="afterTest" classname="TestNG_package.Logout" time="9.984">
    <failure message="invalid session id&#10;Build info: version: &apos;3.141.59&apos;, revision: &apos;e82be7d358&apos;, time: &apos;2018-11-14T08:17:03&apos;&#10;System info: host: &apos;DESKTOP-9KM5GA7&apos;, ip: &apos;192.168.1.4&apos;, os.name: &apos;Windows 11&apos;, os.arch: &apos;amd64&apos;, os.version: &apos;10.0&apos;, java.version: &apos;17.0.2&apos;&#10;Driver info: org.openqa.selenium.chrome.ChromeDriver&#10;Capabilities {acceptInsecureCerts: false, browserName: chrome, browserVersion: 105.0.5195.127, chrome: {chromedriverVersion: 105.0.5195.52 (412c95e51883..., userDataDir: C:\Users\jithi\AppData\Loca...}, goog:chromeOptions: {debuggerAddress: localhost:63676}, javascriptEnabled: true, networkConnectionEnabled: false, pageLoadStrategy: normal, platform: WINDOWS, platformName: WINDOWS, proxy: Proxy(), setWindowRect: true, strictFileInteractability: false, timeouts: {implicit: 0, pageLoad: 300000, script: 30000}, unhandledPromptBehavior: dismiss and notify, webauthn:extension:credBlob: true, webauthn:extension:largeBlob: true, webauthn:virtualAuthenticators: true}&#10;Session ID: bc828626c2311fc05ec60218214f0507" type="org.openqa.selenium.NoSuchSessionException">org.openqa.selenium.NoSuchSessionException: 
invalid session id
Build info: version: '3.141.59', revision: 'e82be7d358', time: '2018-11-14T08:17:03'
System info: host: 'DESKTOP-9KM5GA7', ip: '192.168.1.4', os.name: 'Windows 11', os.arch: 'amd64', os.version: '10.0', java.version: '17.0.2'
Driver info: org.openqa.selenium.chrome.ChromeDriver
Capabilities {acceptInsecureCerts: false, browserName: chrome, browserVersion: 105.0.5195.127, chrome: {chromedriverVersion: 105.0.5195.52 (412c95e51883..., userDataDir: C:\Users\jithi\AppData\Loca...}, goog:chromeOptions: {debuggerAddress: localhost:63676}, javascriptEnabled: true, networkConnectionEnabled: false, pageLoadStrategy: normal, platform: WINDOWS, platformName: WINDOWS, proxy: Proxy(), setWindowRect: true, strictFileInteractability: false, timeouts: {implicit: 0, pageLoad: 300000, script: 30000}, unhandledPromptBehavior: dismiss and notify, webauthn:extension:credBlob: true, webauthn:extension:largeBlob: true, webauthn:virtualAuthenticators: true}
Session ID: bc828626c2311fc05ec60218214f0507
	at TestNG_package.Logout.afterTest(Logout.java:38)
</failure>
  </testcase>
  <testcase name="afterTest" classname="TestNG_package.Stores_Testcase" time="0">
    <skipped/>
  </testcase>
</testsuite>